2022-01-18 14:40:49,566 INFO o.a.j.u.JMeterUtils: Setting Locale to en_EN
2022-01-18 14:40:49,582 INFO o.a.j.JMeter: Loading user properties from: user.properties
2022-01-18 14:40:49,583 INFO o.a.j.JMeter: Loading system properties from: system.properties
2022-01-18 14:40:49,585 INFO o.a.j.JMeter: Copyright (c) 1998-2020 The Apache Software Foundation
2022-01-18 14:40:49,585 INFO o.a.j.JMeter: Version 5.3
2022-01-18 14:40:49,585 INFO o.a.j.JMeter: java.version=1.8.0_261
2022-01-18 14:40:49,585 INFO o.a.j.JMeter: java.vm.name=Java HotSpot(TM) 64-Bit Server VM
2022-01-18 14:40:49,586 INFO o.a.j.JMeter: os.name=Windows 10
2022-01-18 14:40:49,586 INFO o.a.j.JMeter: os.arch=amd64
2022-01-18 14:40:49,586 INFO o.a.j.JMeter: os.version=10.0
2022-01-18 14:40:49,586 INFO o.a.j.JMeter: file.encoding=GBK
2022-01-18 14:40:49,586 INFO o.a.j.JMeter: java.awt.headless=true
2022-01-18 14:40:49,586 INFO o.a.j.JMeter: Max memory     =1073741824
2022-01-18 14:40:49,586 INFO o.a.j.JMeter: Available Processors =8
2022-01-18 14:40:49,600 INFO o.a.j.JMeter: Default Locale=English (EN)
2022-01-18 14:40:49,601 INFO o.a.j.JMeter: JMeter  Locale=English (EN)
2022-01-18 14:40:49,601 INFO o.a.j.JMeter: JMeterHome=D:\BaiduNetdiskDownload\秒杀-宣传\003_software\apache-jmeter-5.3
2022-01-18 14:40:49,601 INFO o.a.j.JMeter: user.dir  =D:\BaiduNetdiskDownload\秒杀-宣传\003_software\apache-jmeter-5.3\bin
2022-01-18 14:40:49,601 INFO o.a.j.JMeter: PWD       =D:\BaiduNetdiskDownload\秒杀-宣传\003_software\apache-jmeter-5.3\bin
2022-01-18 14:40:54,119 INFO o.a.j.JMeter: IP: 192.168.142.1 Name: WINDOWS-9OFFM0K FullName: WINDOWS-9OFFM0K
2022-01-18 14:40:54,150 INFO o.a.j.r.RmiUtils: System property 'java.rmi.server.hostname' is not defined, using localHost address
2022-01-18 14:40:54,150 INFO o.a.j.r.RmiUtils: Local IP address=192.168.142.1
2022-01-18 14:40:54,677 ERROR o.a.j.JMeter: Giving up, as server failed with:
java.rmi.server.ExportException: Listen failed on port: 0; nested exception is: 
	java.io.FileNotFoundException: rmi_keystore.jks (系统找不到指定的文件。)
	at sun.rmi.transport.tcp.TCPTransport.listen(Unknown Source) ~[?:1.8.0_261]
	at sun.rmi.transport.tcp.TCPTransport.exportObject(Unknown Source) ~[?:1.8.0_261]
	at sun.rmi.transport.tcp.TCPEndpoint.exportObject(Unknown Source) ~[?:1.8.0_261]
	at sun.rmi.transport.LiveRef.exportObject(Unknown Source) ~[?:1.8.0_261]
	at sun.rmi.server.UnicastServerRef.exportObject(Unknown Source) ~[?:1.8.0_261]
	at java.rmi.server.UnicastRemoteObject.exportObject(Unknown Source) ~[?:1.8.0_261]
	at java.rmi.server.UnicastRemoteObject.exportObject(Unknown Source) ~[?:1.8.0_261]
	at java.rmi.server.UnicastRemoteObject.<init>(Unknown Source) ~[?:1.8.0_261]
	at org.apache.jmeter.engine.RemoteJMeterEngineImpl.<init>(RemoteJMeterEngineImpl.java:66) ~[ApacheJMeter_core.jar:5.3]
	at org.apache.jmeter.engine.RemoteJMeterEngineImpl.startServer(RemoteJMeterEngineImpl.java:72) ~[ApacheJMeter_core.jar:5.3]
	at org.apache.jmeter.JMeter.start(JMeter.java:524) [ApacheJMeter_core.jar:5.3]
	at sun.reflect.NativeMethodAccessorImpl.invoke0(Native Method) ~[?:1.8.0_261]
	at sun.reflect.NativeMethodAccessorImpl.invoke(Unknown Source) ~[?:1.8.0_261]
	at sun.reflect.DelegatingMethodAccessorImpl.invoke(Unknown Source) ~[?:1.8.0_261]
	at java.lang.reflect.Method.invoke(Unknown Source) ~[?:1.8.0_261]
	at org.apache.jmeter.NewDriver.main(NewDriver.java:252) [ApacheJMeter.jar:5.3]
Caused by: java.io.FileNotFoundException: rmi_keystore.jks (系统找不到指定的文件。)
	at java.io.FileInputStream.open0(Native Method) ~[?:1.8.0_261]
	at java.io.FileInputStream.open(Unknown Source) ~[?:1.8.0_261]
	at java.io.FileInputStream.<init>(Unknown Source) ~[?:1.8.0_261]
	at java.io.FileInputStream.<init>(Unknown Source) ~[?:1.8.0_261]
	at org.apache.jmeter.rmi.SSLRMIServerSocketFactory.loadStore(SSLRMIServerSocketFactory.java:147) ~[ApacheJMeter_core.jar:5.3]
	at org.apache.jmeter.rmi.SSLRMIServerSocketFactory.createServerSocket(SSLRMIServerSocketFactory.java:99) ~[ApacheJMeter_core.jar:5.3]
	at sun.rmi.transport.tcp.TCPEndpoint.newServerSocket(Unknown Source) ~[?:1.8.0_261]
	... 16 more
2022-01-18 14:40:54,682 ERROR o.a.j.JMeter: An error occurred: 
java.rmi.server.ExportException: Listen failed on port: 0; nested exception is: 
	java.io.FileNotFoundException: rmi_keystore.jks (系统找不到指定的文件。)
	at sun.rmi.transport.tcp.TCPTransport.listen(Unknown Source) ~[?:1.8.0_261]
	at sun.rmi.transport.tcp.TCPTransport.exportObject(Unknown Source) ~[?:1.8.0_261]
	at sun.rmi.transport.tcp.TCPEndpoint.exportObject(Unknown Source) ~[?:1.8.0_261]
	at sun.rmi.transport.LiveRef.exportObject(Unknown Source) ~[?:1.8.0_261]
	at sun.rmi.server.UnicastServerRef.exportObject(Unknown Source) ~[?:1.8.0_261]
	at java.rmi.server.UnicastRemoteObject.exportObject(Unknown Source) ~[?:1.8.0_261]
	at java.rmi.server.UnicastRemoteObject.exportObject(Unknown Source) ~[?:1.8.0_261]
	at java.rmi.server.UnicastRemoteObject.<init>(Unknown Source) ~[?:1.8.0_261]
	at org.apache.jmeter.engine.RemoteJMeterEngineImpl.<init>(RemoteJMeterEngineImpl.java:66) ~[ApacheJMeter_core.jar:5.3]
	at org.apache.jmeter.engine.RemoteJMeterEngineImpl.startServer(RemoteJMeterEngineImpl.java:72) ~[ApacheJMeter_core.jar:5.3]
	at org.apache.jmeter.JMeter.start(JMeter.java:524) [ApacheJMeter_core.jar:5.3]
	at sun.reflect.NativeMethodAccessorImpl.invoke0(Native Method) ~[?:1.8.0_261]
	at sun.reflect.NativeMethodAccessorImpl.invoke(Unknown Source) ~[?:1.8.0_261]
	at sun.reflect.DelegatingMethodAccessorImpl.invoke(Unknown Source) ~[?:1.8.0_261]
	at java.lang.reflect.Method.invoke(Unknown Source) ~[?:1.8.0_261]
	at org.apache.jmeter.NewDriver.main(NewDriver.java:252) [ApacheJMeter.jar:5.3]
Caused by: java.io.FileNotFoundException: rmi_keystore.jks (系统找不到指定的文件。)
	at java.io.FileInputStream.open0(Native Method) ~[?:1.8.0_261]
	at java.io.FileInputStream.open(Unknown Source) ~[?:1.8.0_261]
	at java.io.FileInputStream.<init>(Unknown Source) ~[?:1.8.0_261]
	at java.io.FileInputStream.<init>(Unknown Source) ~[?:1.8.0_261]
	at org.apache.jmeter.rmi.SSLRMIServerSocketFactory.loadStore(SSLRMIServerSocketFactory.java:147) ~[ApacheJMeter_core.jar:5.3]
	at org.apache.jmeter.rmi.SSLRMIServerSocketFactory.createServerSocket(SSLRMIServerSocketFactory.java:99) ~[ApacheJMeter_core.jar:5.3]
	at sun.rmi.transport.tcp.TCPEndpoint.newServerSocket(Unknown Source) ~[?:1.8.0_261]
	... 16 more
